New log file opened at Sat Mar 10 23:13:05 GMT 2018 by 41973@TPE123.local
Taking next connection to: 60786
New client attempting to connect on port: 60787-60786
  Address = /192.168.0.15:60786
This client on port 60787 has uuid 12621a4d-42c6-49aa-975b-90651592f136 configName activator humanReadableName Activator protocolVersion 3 featureTags Vector()
Connected Clients: activator-12621a4d-42c6-49aa-975b-90651592f136
Taking next connection to: 60786
New client attempting to connect on port: 60817-60786
  Address = /192.168.0.15:60786
Handshake exception on socket: 60817
sbt.impl.ipc.HandshakeException: Unable to perform handshake
	at sbt.impl.ipc.Peer.handshake(IPC.scala:46)
	at sbt.impl.ipc.MultiClientServer.<init>(IPC.scala:150)
	at sbt.server.SbtServerSocketHandler$$anon$1.run(SbtServerSocketHandler.scala:43)
Caused by: java.io.EOFException
	at java.io.DataInputStream.readInt(DataInputStream.java:392)
	at sbt.impl.ipc.Peer.receive(IPC.scala:95)
	at sbt.impl.ipc.Peer.handshake(IPC.scala:49)
	... 2 more
Taking next connection to: 60786
New client attempting to connect on port: 60818-60786
  Address = /192.168.0.15:60786
This client on port 60818 has uuid 4635d0b9-b1c0-4344-8bef-82ea7640855c configName play-fork-run humanReadableName Play Fork Run protocolVersion 1 featureTags Vector()
Connected Clients: activator-12621a4d-42c6-49aa-975b-90651592f136, play-fork-run-4635d0b9-b1c0-4344-8bef-82ea7640855c
Taking next connection to: 60786
Checking to see if clients are empty...
We have 1 non-daemon clients, continuing serving connections.
Taking next connection to: 60786
Checking to see if clients are empty...
We have 1 non-daemon clients, continuing serving connections.
Taking next connection to: 60786
Checking to see if clients are empty...
We have 1 non-daemon clients, continuing serving connections.
Taking next connection to: 60786
Checking to see if clients are empty...
We have 1 non-daemon clients, continuing serving connections.
Taking next connection to: 60786
Checking to see if clients are empty...
We have 1 non-daemon clients, continuing serving connections.
Taking next connection to: 60786
Checking to see if clients are empty...
We have 1 non-daemon clients, continuing serving connections.
Taking next connection to: 60786
Checking to see if clients are empty...
We have 1 non-daemon clients, continuing serving connections.
Taking next connection to: 60786
Checking to see if clients are empty...
We have 1 non-daemon clients, continuing serving connections.
Taking next connection to: 60786
Checking to see if clients are empty...
We have 1 non-daemon clients, continuing serving connections.
Taking next connection to: 60786
Checking to see if clients are empty...
We have 1 non-daemon clients, continuing serving connections.
Taking next connection to: 60786
Checking to see if clients are empty...
We have 1 non-daemon clients, continuing serving connections.
Taking next connection to: 60786
Checking to see if clients are empty...
We have 1 non-daemon clients, continuing serving connections.
Taking next connection to: 60786
Checking to see if clients are empty...
We have 1 non-daemon clients, continuing serving connections.
Taking next connection to: 60786
